<?xml version="1.0" encoding="UTF-8"?>
<!-- Generated by org.testng.reporters.JUnitReportReporter -->
<testsuite hostname="DESKTOP-N6EDJQ3" failures="0" tests="2" name="Test_Login.VerifyLoginTest" time="13.296" errors="0" timestamp="2022-08-27T21:54:35 IST" skipped="0">
  <testcase classname="Test_Login.VerifyLoginTest" name="TC_001" time="3.755"/>
  <system-out/>
  <testcase classname="Test_Login.VerifyLoginTest" name="TC_001" time="9.541"/>
  <system-out/>
</testsuite> <!-- Test_Login.VerifyLoginTest -->
