<?xml version="1.0" encoding="UTF-8"?>
<!-- Generated by org.testng.reporters.JUnitReportReporter -->
<testsuite hostname="DESKTOP-BDTGAUK" failures="0" tests="1" name="Test_Login.VerifyLoginTest" time="8.809" errors="0" timestamp="2022-07-23T18:33:58 IST" skipped="0">
  <testcase classname="Test_Login.VerifyLoginTest" name="TC_001" time="8.809"/>
  <system-out/>
</testsuite> <!-- Test_Login.VerifyLoginTest -->
