<?xml version="1.0" encoding="UTF-8"?>
<!-- Generated by org.testng.reporters.JUnitReportReporter -->
<testsuite hostname="DESKTOP-N6EDJQ3" failures="0" tests="1" name="Test_Amazon.ScreenShot1" time="147.855" errors="0" timestamp="2022-10-18T13:15:34 IST" skipped="0">
  <testcase classname="Test_Amazon.ScreenShot1" name="TC001" time="147.855"/>
  <system-out/>
</testsuite> <!-- Test_Amazon.ScreenShot1 -->
