<?xml version="1.0" encoding="UTF-8"?>
<!-- Generated by org.testng.reporters.JUnitReportReporter -->
<testsuite hostname="DESKTOP-BDTGAUK" failures="0" tests="1" name="Utility.ScreenShotBase" time="34.327" errors="0" timestamp="2022-07-26T23:45:17 IST" skipped="0">
  <testcase classname="Utility.ScreenShotBase" name="FromBaseClass" time="34.327"/>
  <system-out/>
</testsuite> <!-- Utility.ScreenShotBase -->
